<?xml version="1.0" encoding="UTF-8"?>
<testng-results skipped="0" failed="0" total="1" passed="1">
  <reporter-output>
  </reporter-output>
  <suite name="Default suite" duration-ms="4014" started-at="2022-04-12T10:16:05Z" finished-at="2022-04-12T10:16:09Z">
    <groups>
    </groups>
    <test name="Default test" duration-ms="4014" started-at="2022-04-12T10:16:05Z" finished-at="2022-04-12T10:16:09Z">
      <class name="Salseforce_POM_casestudy.VerifyLogin">
        <test-method status="PASS" signature="TestUser()[pri:0, instance:Salseforce_POM_casestudy.VerifyLogin@f5f2bb7]" name="TestUser" duration-ms="4010" started-at="2022-04-12T15:46:05Z" finished-at="2022-04-12T15:46:09Z">
          <reporter-output>
          </reporter-output>
        </test-method> <!-- TestUser -->
      </class> <!-- Salseforce_POM_casestudy.VerifyLogin -->
    </test> <!-- Default test -->
  </suite> <!-- Default suite -->
</testng-results>
